<?xml version="1.0" encoding="UTF-8"?>
<!-- Generated by org.testng.reporters.JUnitXMLReporter -->
<testsuite ignored="4" hostname="LAPTOP-TEN9HRQ0" failures="0" tests="1" name="Default test" time="9.115" errors="0" timestamp="2026-02-19T14:16:42 IST">
  <testcase classname="PlaywrightBasics.LoginLogoutWithTestNG" name="LoginWithIncorrectPassword" time="9.075"/>
  <testcase classname="PlaywrightBasics.LoginLogoutWithTestNG" name="LoginWithInvalidCredentials" time="0.0">
    <ignored/>
  </testcase> <!-- LoginWithInvalidCredentials -->
  <testcase classname="PlaywrightBasics.LoginLogoutWithTestNG" name="LoginWithInvalidEmailFormat" time="0.0">
    <ignored/>
  </testcase> <!-- LoginWithInvalidEmailFormat -->
  <testcase classname="PlaywrightBasics.LoginLogoutWithTestNG" name="LoginWithEmptyCredentials" time="0.0">
    <ignored/>
  </testcase> <!-- LoginWithEmptyCredentials -->
  <testcase classname="PlaywrightBasics.LoginLogoutWithTestNG" name="LoginLogoutTest" time="0.0">
    <ignored/>
  </testcase> <!-- LoginLogoutTest -->
</testsuite> <!-- Default test -->
