<?xml version="1.0" encoding="UTF-8"?>
<testng-results ignored="0" total="1" passed="1" failed="0" skipped="0">
  <reporter-output>
  </reporter-output>
  <suite started-at="2026-02-19T00:46:29 IST" name="Default suite" finished-at="2026-02-19T00:46:39 IST" duration-ms="10407">
    <groups>
    </groups>
    <test started-at="2026-02-19T00:46:29 IST" name="Default test" finished-at="2026-02-19T00:46:39 IST" duration-ms="10407">
      <class name="PlaywrightBasics.LoginLogoutWithTestNG">
        <test-method signature="LoginLogoutTest()[pri:0, instance:PlaywrightBasics.LoginLogoutWithTestNG@49ec71f8]" started-at="2026-02-19T00:46:29 IST" name="LoginLogoutTest" finished-at="2026-02-19T00:46:39 IST" duration-ms="10368" status="PASS">
          <reporter-output>
          </reporter-output>
        </test-method> <!-- LoginLogoutTest -->
      </class> <!-- PlaywrightBasics.LoginLogoutWithTestNG -->
    </test> <!-- Default test -->
  </suite> <!-- Default suite -->
</testng-results>
