<?xml version="1.0" encoding="UTF-8"?>
<testng-results ignored="4" total="5" passed="1" failed="0" skipped="0">
  <reporter-output>
  </reporter-output>
  <suite started-at="2026-02-19T14:16:33 IST" name="Default suite" finished-at="2026-02-19T14:16:42 IST" duration-ms="9115">
    <groups>
    </groups>
    <test started-at="2026-02-19T14:16:33 IST" name="Default test" finished-at="2026-02-19T14:16:42 IST" duration-ms="9115">
      <class name="PlaywrightBasics.LoginLogoutWithTestNG">
        <test-method signature="LoginWithIncorrectPassword()[pri:0, instance:PlaywrightBasics.LoginLogoutWithTestNG@10e31a9a]" started-at="2026-02-19T14:16:33 IST" name="LoginWithIncorrectPassword" finished-at="2026-02-19T14:16:42 IST" duration-ms="9075" status="PASS">
          <reporter-output>
          </reporter-output>
        </test-method> <!-- LoginWithIncorrectPassword -->
      </class> <!-- PlaywrightBasics.LoginLogoutWithTestNG -->
    </test> <!-- Default test -->
  </suite> <!-- Default suite -->
</testng-results>
